<?xml version="1.0" encoding="UTF-8"?>
<!-- Generated by org.testng.reporters.JUnitReportReporter -->
<testsuite hostname="LAPTOP-C1L05UUR" failures="0" tests="1" name="com.crm.comcast32.practice.FlightBookingTest" time="14.142" errors="0" timestamp="2022-04-07T14:53:56 IST" skipped="0">
  <testcase classname="com.crm.comcast32.practice.FlightBookingTest" name="demoTest" time="14.142"/>
  <system-out/>
</testsuite> <!-- com.crm.comcast32.practice.FlightBookingTest -->
