<?xml version="1.0" encoding="UTF-8"?>
<!-- Generated by org.testng.reporters.JUnitReportReporter -->
<testsuite hostname="LAPTOP-C1L05UUR" failures="0" tests="1" name="implementation.CreateOpportunityTest" time="54.219" errors="0" timestamp="2022-04-07T16:33:36 IST" skipped="0">
  <testcase classname="implementation.CreateOpportunityTest" name="createOpportunityTest" time="54.219"/>
  <system-out/>
</testsuite> <!-- implementation.CreateOpportunityTest -->
