<?xml version="1.0" encoding="UTF-8"?>
<!-- Generated by org.testng.reporters.JUnitReportReporter -->
<testsuite hostname="LAPTOP-C1L05UUR" failures="0" tests="1" name="com.crm.comcast.SDET32BasicTest.HardAssertionsTest1" time="0.014" errors="0" timestamp="2022-03-30T17:36:43 IST" skipped="0">
  <testcase classname="com.crm.comcast.SDET32BasicTest.HardAssertionsTest1" name="demoTest1" time="0.014"/>
  <system-out/>
</testsuite> <!-- com.crm.comcast.SDET32BasicTest.HardAssertionsTest1 -->
