<?xml version="1.0" encoding="UTF-8"?>
<!-- Generated by org.testng.reporters.JUnitReportReporter -->
<testsuite hostname="LAPTOP-C1L05UUR" failures="0" tests="2" name="implementation.CreateOrganizationTest" time="23.090" errors="0" timestamp="2022-04-11T17:05:19 IST" skipped="0">
  <testcase classname="implementation.CreateOrganizationTest" name="demoTest" time="4.158"/>
  <system-out/>
  <testcase classname="implementation.CreateOrganizationTest" name="createOrganizationTest" time="18.932"/>
  <system-out/>
</testsuite> <!-- implementation.CreateOrganizationTest -->
