<?xml version="1.0" encoding="UTF-8"?>
<!-- Generated by org.testng.reporters.JUnitReportReporter -->
<testsuite hostname="LAPTOP-C1L05UUR" failures="0" tests="5" name="com.crm.comcast32.practice.RunTestUsingMultipleDataHavingMultipleColumnTest" time="0.033" errors="0" timestamp="2022-03-28T16:20:45 IST" skipped="0">
  <testcase classname="com.crm.comcast32.practice.RunTestUsingMultipleDataHavingMultipleColumnTest" name="ticketBookingTest" time="0.002"/>
  <system-out/>
  <testcase classname="com.crm.comcast32.practice.RunTestUsingMultipleDataHavingMultipleColumnTest" name="ticketBookingTest" time="0.006"/>
  <system-out/>
  <testcase classname="com.crm.comcast32.practice.RunTestUsingMultipleDataHavingMultipleColumnTest" name="ticketBookingTest" time="0.007"/>
  <system-out/>
  <testcase classname="com.crm.comcast32.practice.RunTestUsingMultipleDataHavingMultipleColumnTest" name="ticketBookingTest" time="0.014"/>
  <system-out/>
  <testcase classname="com.crm.comcast32.practice.RunTestUsingMultipleDataHavingMultipleColumnTest" name="ticketBookingTest" time="0.004"/>
  <system-out/>
</testsuite> <!-- com.crm.comcast32.practice.RunTestUsingMultipleDataHavingMultipleColumnTest -->
