<?xml version="1.0" encoding="UTF-8"?>
<!-- Generated by org.testng.reporters.JUnitReportReporter -->
<testsuite hostname="LAPTOP-C1L05UUR" failures="0" tests="5" name="com.crm.comcast32.practice.RunTheScriptUsingMultipleData" time="0.030" errors="0" timestamp="2022-03-28T16:05:19 IST" skipped="0">
  <testcase classname="com.crm.comcast32.practice.RunTheScriptUsingMultipleData" name="ticketBookingTest" time="0.004"/>
  <system-out/>
  <testcase classname="com.crm.comcast32.practice.RunTheScriptUsingMultipleData" name="ticketBookingTest" time="0.005"/>
  <system-out/>
  <testcase classname="com.crm.comcast32.practice.RunTheScriptUsingMultipleData" name="ticketBookingTest" time="0.008"/>
  <system-out/>
  <testcase classname="com.crm.comcast32.practice.RunTheScriptUsingMultipleData" name="ticketBookingTest" time="0.009"/>
  <system-out/>
  <testcase classname="com.crm.comcast32.practice.RunTheScriptUsingMultipleData" name="ticketBookingTest" time="0.004"/>
  <system-out/>
</testsuite> <!-- com.crm.comcast32.practice.RunTheScriptUsingMultipleData -->
