<?xml version="1.0" encoding="UTF-8"?>
<!-- Generated by org.testng.reporters.JUnitReportReporter -->
<testsuite hostname="LAPTOP-C1L05UUR" failures="0" tests="1" name="com.crm.comcast32.practice.ScreenShotsTest" time="11.156" errors="0" timestamp="2022-03-31T11:29:24 IST" skipped="0">
  <testcase classname="com.crm.comcast32.practice.ScreenShotsTest" name="demoTest" time="11.156"/>
  <system-out/>
</testsuite> <!-- com.crm.comcast32.practice.ScreenShotsTest -->
